[debug] [2023-12-02T19:51:34.501Z] ----------------------------------------------------------------------
[debug] [2023-12-02T19:51:34.502Z] Command:       /opt/homebrew/Cellar/node@16/16.20.2/bin/node /opt/homebrew/bin/firebase init
[debug] [2023-12-02T19:51:34.502Z] CLI Version:   12.9.1
[debug] [2023-12-02T19:51:34.502Z] Platform:      darwin
[debug] [2023-12-02T19:51:34.502Z] Node Version:  v16.20.2
[debug] [2023-12-02T19:51:34.503Z] Time:          Sat Dec 02 2023 13:51:34 GMT-0600 (Central Standard Time)
[debug] [2023-12-02T19:51:34.503Z] ----------------------------------------------------------------------
[debug] 
[debug] [2023-12-02T19:51:34.506Z] > command requires scopes: ["email","openid","https://www.googleapis.com/auth/cloudplatformprojects.readonly","https://www.googleapis.com/auth/firebase","https://www.googleapis.com/auth/cloud-platform"]
[debug] [2023-12-02T19:51:34.506Z] > authorizing via signed-in user (jenishhirpara23@gmail.com)
[info] 
     ######## #### ########  ######## ########     ###     ######  ########
     ##        ##  ##     ## ##       ##     ##  ##   ##  ##       ##
     ######    ##  ########  ######   ########  #########  ######  ######
     ##        ##  ##    ##  ##       ##     ## ##     ##       ## ##
     ##       #### ##     ## ######## ########  ##     ##  ######  ########

You're about to initialize a Firebase project in this directory:

  /Users/jenish/Desktop/cs409_frontend

[info] 
=== Project Setup
[info] 
[info] First, let's associate this project directory with a Firebase project.
[info] You can create multiple project aliases by running firebase use --add, 
[info] but for now we'll just set up a default project.
[info] 
[debug] [2023-12-02T19:52:12.080Z] >>> [apiv2][query] GET https://firebase.googleapis.com/v1beta1/projects pageSize=100
[debug] [2023-12-02T19:52:14.124Z] <<< [apiv2][status] GET https://firebase.googleapis.com/v1beta1/projects 200
[debug] [2023-12-02T19:52:14.124Z] <<< [apiv2][body] GET https://firebase.googleapis.com/v1beta1/projects [omitted]
[info] i  Using project breaking-code-bed19 (breaking-code) 
[info] 
=== Hosting Setup
[debug] [2023-12-02T19:52:20.347Z] >>> [apiv2][query] GET https://firebase.googleapis.com/v1beta1/projects/breaking-code-bed19 [none]
[debug] [2023-12-02T19:52:20.572Z] <<< [apiv2][status] GET https://firebase.googleapis.com/v1beta1/projects/breaking-code-bed19 200
[debug] [2023-12-02T19:52:20.572Z] <<< [apiv2][body] GET https://firebase.googleapis.com/v1beta1/projects/breaking-code-bed19 {"projectId":"breaking-code-bed19","projectNumber":"412949794461","displayName":"breaking-code","name":"projects/breaking-code-bed19","resources":{"hostingSite":"breaking-code-bed19"},"state":"ACTIVE","etag":"1_24f628b3-e9d0-4ac0-8c9f-dd206aeee69d"}
[info] 
[info] Your public directory is the folder (relative to your project directory) that
[info] will contain Hosting assets to be uploaded with firebase deploy. If you
[info] have a build process for your assets, use your build's output directory.
[info] 
[debug] [2023-12-02T19:52:55.198Z] >>> [apiv2][query] GET https://www.gstatic.com/firebasejs/releases.json [none]
[debug] [2023-12-02T19:52:55.287Z] <<< [apiv2][status] GET https://www.gstatic.com/firebasejs/releases.json 200
[debug] [2023-12-02T19:52:55.287Z] <<< [apiv2][body] GET https://www.gstatic.com/firebasejs/releases.json {"current":{"version":"10.7.0","browserURL":"https://www.gstatic.com/firebasejs/10.7.0/firebase.js","packageURL":"https://www.gstatic.com/firebasejs/10.7.0/firebase.tgz"},"live":{"version":"10.7","browserURL":"https://www.gstatic.com/firebasejs/live/10.7/firebase.js","packageURL":"https://www.gstatic.com/firebasejs/live/10.7/firebase.tgz"},"components":{"analytics":"https://www.gstatic.com/firebasejs/10.7.0/firebase-analytics.js","app":"https://www.gstatic.com/firebasejs/10.7.0/firebase-app.js","app-check":"https://www.gstatic.com/firebasejs/10.7.0/firebase-app-check.js","auth":"https://www.gstatic.com/firebasejs/10.7.0/firebase-auth.js","auth/cordova":"https://www.gstatic.com/firebasejs/10.7.0/firebase-auth/cordova.js","functions":"https://www.gstatic.com/firebasejs/10.7.0/firebase-functions.js","firestore":"https://www.gstatic.com/firebasejs/10.7.0/firebase-firestore.js","firestore/lite":"https://www.gstatic.com/firebasejs/10.7.0/firebase-firestore/lite.js","installations":"https://www.gstatic.com/firebasejs/10.7.0/firebase-installations.js","storage":"https://www.gstatic.com/firebasejs/10.7.0/firebase-storage.js","performance":"https://www.gstatic.com/firebasejs/10.7.0/firebase-performance.js","remote-config":"https://www.gstatic.com/firebasejs/10.7.0/firebase-remote-config.js","messaging":"https://www.gstatic.com/firebasejs/10.7.0/firebase-messaging.js","messaging/sw":"https://www.gstatic.com/firebasejs/10.7.0/firebase-messaging/sw.js","database":"https://www.gstatic.com/firebasejs/10.7.0/firebase-database.js","firestore.memory":"https://www.gstatic.com/firebasejs/10.7.0/firebase-firestore.memory.js"}}
[info] i  Skipping write of build/index.html 
[info] 
[info] i  Detected a .git folder at /Users/jenish/Desktop/cs409_frontend 
[info] i  Authorizing with GitHub to upload your service account to a GitHub repository's secrets store. 
[info] 
[info] Visit this URL on this device to log in:
[info] https://github.com/login/oauth/authorize?client_id=89cf50f02ac6aaed3484&state=687359372&redirect_uri=http%3A%2F%2Flocalhost%3A9005&scope=read%3Auser%20repo%20public_repo
[info] 
[info] Waiting for authentication...
[debug] [2023-12-02T19:53:21.175Z] >>> [apiv2][query] POST https://github.com/login/oauth/access_token [none]
[debug] [2023-12-02T19:53:21.175Z] >>> [apiv2][body] POST https://github.com/login/oauth/access_token [stream]
[debug] [2023-12-02T19:53:21.396Z] <<< [apiv2][status] POST https://github.com/login/oauth/access_token 200
[debug] [2023-12-02T19:53:21.396Z] <<< [apiv2][body] POST https://github.com/login/oauth/access_token {"access_token":"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","token_type":"bearer","scope":"read:user,repo"}
[debug] [2023-12-02T19:53:21.406Z] >>> [apiv2][query] GET https://api.github.com/user [none]
[debug] [2023-12-02T19:53:21.716Z] <<< [apiv2][status] GET https://api.github.com/user 200
[debug] [2023-12-02T19:53:21.716Z] <<< [apiv2][body] GET https://api.github.com/user {"login":"JenishHirpara","id":54408075,"node_id":"MDQ6VXNlcjU0NDA4MDc1","avatar_url":"https://avatars.githubusercontent.com/u/54408075?v=4","gravatar_id":"","url":"https://api.github.com/users/JenishHirpara","html_url":"https://github.com/JenishHirpara","followers_url":"https://api.github.com/users/JenishHirpara/followers","following_url":"https://api.github.com/users/JenishHirpara/following{/other_user}","gists_url":"https://api.github.com/users/JenishHirpara/gists{/gist_id}","starred_url":"https://api.github.com/users/JenishHirpara/starred{/owner}{/repo}","subscriptions_url":"https://api.github.com/users/JenishHirpara/subscriptions","organizations_url":"https://api.github.com/users/JenishHirpara/orgs","repos_url":"https://api.github.com/users/JenishHirpara/repos","events_url":"https://api.github.com/users/JenishHirpara/events{/privacy}","received_events_url":"https://api.github.com/users/JenishHirpara/received_events","type":"User","site_admin":false,"name":"Jenish Hirpara","company":null,"blog":"github.com/JenishHirpara","location":null,"email":null,"hireable":null,"bio":"Looking for full time roles as Software Engineer. MCS@UIUC","twitter_username":null,"public_repos":66,"public_gists":0,"followers":18,"following":18,"created_at":"2019-08-22T14:42:26Z","updated_at":"2023-10-31T00:31:45Z","private_gists":0,"total_private_repos":18,"owned_private_repos":18,"disk_usage":496431,"collaborators":10,"two_factor_authentication":true,"plan":{"name":"free","space":976562499,"collaborators":0,"private_repos":10000}}
[info] 
[info] ✔  Success! Logged into GitHub as JenishHirpara 
[info] 
